# JRE version: Java(TM) SE Runtime Environment (21.0.8+12) (build 21.0.8+12-LTS-250)
# Java VM: Java HotSpot(TM) 64-Bit Server VM (21.0.8+12-LTS-250, mixed mode, sharing, tiered, compressed oops, compressed class ptrs, g1 gc, windows-amd64)
GC Precious Log:
 CardTable entry size: 512
 Card Set container configuration: InlinePtr #cards 4 size 8 Array Of Cards #cards 16 size 48 Howl #buckets 8 coarsen threshold 3686 Howl Bitmap #cards 512 size 80 coarsen threshold 460 Card regions per heap region 1 cards per card region 4096
 CPUs: 12 total, 12 available
 Memory: 16165M
 Large Page Support: Disabled
 NUMA Support: Disabled
 Compressed Oops: Enabled (Zero based)
 Heap Region Size: 2M
 Heap Min Capacity: 8M
 Heap Initial Capacity: 254M
 Heap Max Capacity: 4042M
 Pre-touch: Disabled
 Parallel Workers: 10
 Concurrent Workers: 3
 Concurrent Refinement Workers: 10
 Periodic GC: Disabled
Heap:
 garbage-first heap   total 86016K, used 22888K [0x0000000703600000, 0x0000000800000000)
  region size 2048K, 6 young (12288K), 2 survivors (4096K)
 Metaspace       used 33667K, committed 34304K, reserved 1114112K
  class space    used 4111K, committed 4416K, reserved 1048576K
GC Heap History (14 events):
Event: 0.534 GC heap before
{Heap before GC invocations=0 (full 0):
 garbage-first heap   total 260096K, used 22528K [0x0000000703600000, 0x0000000800000000)
  region size 2048K, 11 young (22528K), 0 survivors (0K)
 Metaspace       used 4858K, committed 5120K, reserved 1114112K
  class space    used 455K, committed 576K, reserved 1048576K
}
Event: 0.537 GC heap after
{Heap after GC invocations=1 (full 0):
 garbage-first heap   total 260096K, used 5129K [0x0000000703600000, 0x0000000800000000)
  region size 2048K, 2 young (4096K), 2 survivors (4096K)
 Metaspace       used 4858K, committed 5120K, reserved 1114112K
  class space    used 455K, committed 576K, reserved 1048576K
}
Event: 0.837 GC heap before
{Heap before GC invocations=1 (full 0):
 garbage-first heap   total 260096K, used 37897K [0x0000000703600000, 0x0000000800000000)
  region size 2048K, 18 young (36864K), 2 survivors (4096K)
 Metaspace       used 8985K, committed 9216K, reserved 1114112K
  class space    used 974K, committed 1088K, reserved 1048576K
}
Event: 0.841 GC heap after
{Heap after GC invocations=2 (full 0):
 garbage-first heap   total 260096K, used 6587K [0x0000000703600000, 0x0000000800000000)
  region size 2048K, 1 young (2048K), 1 survivors (2048K)
 Metaspace       used 8985K, committed 9216K, reserved 1114112K
  class space    used 974K, committed 1088K, reserved 1048576K
}
Event: 1.210 GC heap before
{Heap before GC invocations=2 (full 0):
 garbage-first heap   total 260096K, used 80315K [0x0000000703600000, 0x0000000800000000)
  region size 2048K, 37 young (75776K), 1 survivors (2048K)
 Metaspace       used 16454K, committed 16832K, reserved 1114112K
  class space    used 1953K, committed 2112K, reserved 1048576K
}
Event: 1.214 GC heap after
{Heap after GC invocations=3 (full 0):
 garbage-first heap   total 260096K, used 9119K [0x0000000703600000, 0x0000000800000000)
  region size 2048K, 2 young (4096K), 2 survivors (4096K)
 Metaspace       used 16454K, committed 16832K, reserved 1114112K
  class space    used 1953K, committed 2112K, reserved 1048576K
}
Event: 1.516 GC heap before
{Heap before GC invocations=3 (full 0):
 garbage-first heap   total 260096K, used 56223K [0x0000000703600000, 0x0000000800000000)
  region size 2048K, 26 young (53248K), 2 survivors (4096K)
 Metaspace       used 21098K, committed 21504K, reserved 1114112K
  class space    used 2504K, committed 2688K, reserved 1048576K
}
Event: 1.520 GC heap after
{Heap after GC invocations=4 (full 0):
 garbage-first heap   total 260096K, used 11376K [0x0000000703600000, 0x0000000800000000)
  region size 2048K, 4 young (8192K), 4 survivors (8192K)
 Metaspace       used 21098K, committed 21504K, reserved 1114112K
  class space    used 2504K, committed 2688K, reserved 1048576K
}
Event: 1.947 GC heap before
{Heap before GC invocations=5 (full 0):
 garbage-first heap   total 61440K, used 58480K [0x0000000703600000, 0x0000000800000000)
  region size 2048K, 27 young (55296K), 4 survivors (8192K)
 Metaspace       used 25379K, committed 25856K, reserved 1114112K
  class space    used 3071K, committed 3264K, reserved 1048576K
}
Event: 1.953 GC heap after
{Heap after GC invocations=6 (full 0):
 garbage-first heap   total 71680K, used 13963K [0x0000000703600000, 0x0000000800000000)
  region size 2048K, 5 young (10240K), 5 survivors (10240K)
 Metaspace       used 25379K, committed 25856K, reserved 1114112K
  class space    used 3071K, committed 3264K, reserved 1048576K
}
Event: 2.270 GC heap before
{Heap before GC invocations=6 (full 0):
 garbage-first heap   total 71680K, used 46731K [0x0000000703600000, 0x0000000800000000)
  region size 2048K, 21 young (43008K), 5 survivors (10240K)
 Metaspace       used 28968K, committed 29504K, reserved 1114112K
  class space    used 3521K, committed 3776K, reserved 1048576K
}
Event: 2.275 GC heap after
{Heap after GC invocations=7 (full 0):
 garbage-first heap   total 71680K, used 15350K [0x0000000703600000, 0x0000000800000000)
  region size 2048K, 3 young (6144K), 3 survivors (6144K)
 Metaspace       used 28968K, committed 29504K, reserved 1114112K
  class space    used 3521K, committed 3776K, reserved 1048576K
}
Event: 126.328 GC heap before
{Heap before GC invocations=7 (full 0):
 garbage-first heap   total 71680K, used 52214K [0x0000000703600000, 0x0000000800000000)
  region size 2048K, 21 young (43008K), 3 survivors (6144K)
 Metaspace       used 33014K, committed 33600K, reserved 1114112K
  class space    used 4033K, committed 4288K, reserved 1048576K
}
Event: 126.332 GC heap after
{Heap after GC invocations=8 (full 0):
 garbage-first heap   total 86016K, used 16744K [0x0000000703600000, 0x0000000800000000)
  region size 2048K, 2 young (4096K), 2 survivors (4096K)
 Metaspace       used 33014K, committed 33600K, reserved 1114112K
  class space    used 4033K, committed 4288K, reserved 1048576K
}

